<?xml version="1.0" encoding="UTF-8"?>
<!-- Generated by org.testng.reporters.JUnitXMLReporter -->
<testsuite ignored="0" hostname="LAPTOP-U6VEVR7H" failures="0" tests="4" name="Test" time="21.262" errors="0" timestamp="2022-08-09T13:58:14 IST">
  <testcase classname="com.saucedemoTESTclasses.TC03VerifyBagProductTestClass" name="verifybagproduct" time="0.164"/>
  <testcase classname="com.saucedemoTESTclasses.TC04VerifyMutipleProdAddToCartTestClass" name="verifymultipleproduct" time="0.388"/>
  <testcase classname="com.saucedemoTESTclasses.TC02VerifyLogoutTestClass" name="verifylogout" time="0.279"/>
  <testcase classname="com.saucedemoTESTclasses.TC01VerifyLoginTestClass" name="verifylogin" time="0.008"/>
</testsuite> <!-- Test -->
